<?xml version="1.0" encoding="UTF-8"?>
<!-- Generated by org.testng.reporters.JUnitReportReporter -->
<testsuite hostname="NDSL034" failures="0" tests="3" name="mainPack.DragAndDropTest" time="18.644" errors="0" timestamp="2025-08-11T18:32:49 IST" skipped="0">
  <testcase classname="mainPack.DragAndDropTest" name="flieup" time="5.001"/>
  <system-out/>
  <testcase classname="mainPack.DragAndDropTest" name="dragAB" time="5.744"/>
  <system-out/>
  <testcase classname="mainPack.DragAndDropTest" name="drag3to1" time="7.899"/>
  <system-out/>
</testsuite> <!-- mainPack.DragAndDropTest -->
